#
# There is insufficient memory for the Java Runtime Environment to continue.
# Native memory allocation (mmap) failed to map 268435456 bytes for Failed to commit area from 0x0000000701000000 to 0x0000000711000000 of length 268435456.
# Possible reasons:
#   The system is out of physical RAM or swap space
#   The process is running with CompressedOops enabled, and the Java Heap may be blocking the growth of the native heap
# Possible solutions:
#   Reduce memory load on the system
#   Increase physical memory or swap space
#   Check if swap backing store is full
#   Decrease Java heap size (-Xmx/-Xms)
#   Decrease number of Java threads
#   Decrease Java thread stack sizes (-Xss)
#   Set larger code cache with -XX:ReservedCodeCacheSize=
# This output file may be truncated or incomplete.
#
#  Out of Memory Error (./src/hotspot/os/windows/os_windows.cpp:3387), pid=16400, tid=18748
#
# JRE version:  (11.0.14.1+1) (build )
# Java VM: OpenJDK 64-Bit Server VM (11.0.14.1+1, mixed mode, sharing, tiered, compressed oops, g1 gc, windows-amd64)
# No core dump will be written. Minidumps are not enabled by default on client versions of Windows
#

---------------  S U M M A R Y ------------

Command Line: -Dfile.encoding=UTF-8 

Host: Intel(R) Core(TM) i5-9600K CPU @ 3.70GHz, 6 cores, 15G,  Windows 10 , 64 bit Build 19041 (10.0.19041.3031)
Time: Sat Jan 20 22:58:06 2024 Hora estándar GMT elapsed time: 0.010310 seconds (0d 0h 0m 0s)

---------------  T H R E A D  ---------------

Current thread (0x0000022c6d840000):  JavaThread "Unknown thread" [_thread_in_vm, id=18748, stack(0x0000008580300000,0x0000008580400000)]

Stack: [0x0000008580300000,0x0000008580400000]
Native frames: (J=compiled Java code, j=interpreted, Vv=VM code, C=native code)
V  [jvm.dll+0x61e59a]
V  [jvm.dll+0x7aaca9]
V  [jvm.dll+0x7ac398]
V  [jvm.dll+0x7aca73]
V  [jvm.dll+0x24f9b8]
V  [jvm.dll+0x61b83a]
V  [jvm.dll+0x6100c5]
V  [jvm.dll+0x30772c]
V  [jvm.dll+0x3075b2]
V  [jvm.dll+0x30c2d6]
V  [jvm.dll+0x35272f]
V  [jvm.dll+0x352160]
V  [jvm.dll+0x2e4728]
V  [jvm.dll+0x2e5886]
V  [jvm.dll+0x784b07]
V  [jvm.dll+0x78628f]
V  [jvm.dll+0x35f479]
V  [jvm.dll+0x767aa0]
V  [jvm.dll+0x3ccf1f]
V  [jvm.dll+0x3cf2b1]
C  [jli.dll+0x5207]
C  [ucrtbase.dll+0x21bb2]
C  [KERNEL32.DLL+0x17614]
C  [ntdll.dll+0x526f1]


---------------  P R O C E S S  ---------------

Threads class SMR info:
_java_thread_list=0x0000022c6b622890, length=0, elements={
}

Java Threads: ( => current thread )

Other Threads:
  0x0000022c6d857800 GCTaskThread "GC Thread#0" [stack: 0x0000008580400000,0x0000008580500000] [id=19284]
  0x0000022c6d8b6800 ConcurrentGCThread "G1 Main Marker" [stack: 0x0000008580500000,0x0000008580600000] [id=3424]
  0x0000022c6d8b8000 ConcurrentGCThread "G1 Conc#0" [stack: 0x0000008580600000,0x0000008580700000] [id=28020]

[error occurred during error reporting (printing all threads), id 0xc0000005, EXCEPTION_ACCESS_VIOLATION (0xc0000005) at pc=0x00007ffbe1b63ef7]

VM state:not at safepoint (not fully initialized)

VM Mutex/Monitor currently owned by a thread:  ([mutex/lock_event])
[0x0000022c6d83c400] Heap_lock - owner thread: 0x0000022c6d840000

Heap address: 0x0000000701000000, size: 4080 MB, Compressed Oops mode: Non-zero based: 0x0000000701000000
Narrow klass base: 0x0000000000000000, Narrow klass shift: 0

GC Heap History (0 events):
No events

Deoptimization events (0 events):
No events

Classes redefined (0 events):
No events

Internal exceptions (0 events):
No events

Events (1 events):
Event: 0.005 Loaded shared library C:\Program Files\Unity\Hub\Editor\2022.3.11f1\Editor\Data\PlaybackEngines\AndroidPlayer\OpenJDK\bin\zip.dll


Dynamic libraries:
0x00007ff721f60000 - 0x00007ff721f6d000 	C:\Program Files\Unity\Hub\Editor\2022.3.11f1\Editor\Data\PlaybackEngines\AndroidPlayer\OpenJDK\bin\java.exe
0x00007ffcddd50000 - 0x00007ffcddf48000 	C:\WINDOWS\SYSTEM32\ntdll.dll
0x00007ffcdcb60000 - 0x00007ffcdcc1f000 	C:\WINDOWS\System32\KERNEL32.DLL
0x00007ffcdb9e0000 - 0x00007ffcdbcd6000 	C:\WINDOWS\System32\KERNELBASE.dll
0x00007ffcdb6c0000 - 0x00007ffcdb7c0000 	C:\WINDOWS\System32\ucrtbase.dll
0x00007ffccae30000 - 0x00007ffccae47000 	C:\Program Files\Unity\Hub\Editor\2022.3.11f1\Editor\Data\PlaybackEngines\AndroidPlayer\OpenJDK\bin\jli.dll
0x00007ffcdc070000 - 0x00007ffcdc20d000 	C:\WINDOWS\System32\USER32.dll
0x00007ffca90e0000 - 0x00007ffca90f5000 	C:\Program Files\Unity\Hub\Editor\2022.3.11f1\Editor\Data\PlaybackEngines\AndroidPlayer\OpenJDK\bin\VCRUNTIME140.dll
0x00007ffcdb430000 - 0x00007ffcdb452000 	C:\WINDOWS\System32\win32u.dll
0x00007ffcdcd40000 - 0x00007ffcdcd6c000 	C:\WINDOWS\System32\GDI32.dll
0x00007ffccc730000 - 0x00007ffccc9ca000 	C:\WINDOWS\WinSxS\amd64_microsoft.windows.common-controls_6595b64144ccf1df_6.0.19041.1110_none_60b5254171f9507e\COMCTL32.dll
0x00007ffcdb8c0000 - 0x00007ffcdb9d5000 	C:\WINDOWS\System32\gdi32full.dll
0x00007ffcdc3a0000 - 0x00007ffcdc43e000 	C:\WINDOWS\System32\msvcrt.dll
0x00007ffcdbd10000 - 0x00007ffcdbdad000 	C:\WINDOWS\System32\msvcp_win.dll
0x00007ffcdcca0000 - 0x00007ffcdccd0000 	C:\WINDOWS\System32\IMM32.DLL
0x00007ffc83270000 - 0x00007ffc8330b000 	C:\Program Files\Unity\Hub\Editor\2022.3.11f1\Editor\Data\PlaybackEngines\AndroidPlayer\OpenJDK\bin\msvcp140.dll
0x00007ffbe1870000 - 0x00007ffbe23f1000 	C:\Program Files\Unity\Hub\Editor\2022.3.11f1\Editor\Data\PlaybackEngines\AndroidPlayer\OpenJDK\bin\server\jvm.dll
0x00007ffcdc210000 - 0x00007ffcdc2bf000 	C:\WINDOWS\System32\ADVAPI32.dll
0x00007ffcdcac0000 - 0x00007ffcdcb5c000 	C:\WINDOWS\System32\sechost.dll
0x00007ffcdd1b0000 - 0x00007ffcdd2d6000 	C:\WINDOWS\System32\RPCRT4.dll
0x00007ffcdcc90000 - 0x00007ffcdcc98000 	C:\WINDOWS\System32\PSAPI.DLL
0x00007ffccf6e0000 - 0x00007ffccf707000 	C:\WINDOWS\SYSTEM32\WINMM.dll
0x00007ffcb9760000 - 0x00007ffcb9769000 	C:\WINDOWS\SYSTEM32\WSOCK32.dll
0x00007ffcd54e0000 - 0x00007ffcd54ea000 	C:\WINDOWS\SYSTEM32\VERSION.dll
0x00007ffcdcc20000 - 0x00007ffcdcc8b000 	C:\WINDOWS\System32\WS2_32.dll
0x00007ffcd9300000 - 0x00007ffcd9312000 	C:\WINDOWS\SYSTEM32\kernel.appcore.dll
0x00007ffcd58c0000 - 0x00007ffcd58d0000 	C:\Program Files\Unity\Hub\Editor\2022.3.11f1\Editor\Data\PlaybackEngines\AndroidPlayer\OpenJDK\bin\verify.dll
0x00007ffcccf70000 - 0x00007ffccd154000 	C:\WINDOWS\SYSTEM32\DBGHELP.DLL
0x00007ffcbb550000 - 0x00007ffcbb584000 	C:\WINDOWS\SYSTEM32\dbgcore.DLL
0x00007ffcdb830000 - 0x00007ffcdb8b2000 	C:\WINDOWS\System32\bcryptPrimitives.dll
0x00007ffc8f660000 - 0x00007ffc8f688000 	C:\Program Files\Unity\Hub\Editor\2022.3.11f1\Editor\Data\PlaybackEngines\AndroidPlayer\OpenJDK\bin\java.dll
0x00007ffcc0df0000 - 0x00007ffcc0dfa000 	C:\Program Files\Unity\Hub\Editor\2022.3.11f1\Editor\Data\PlaybackEngines\AndroidPlayer\OpenJDK\bin\jimage.dll
0x00007ffc8f640000 - 0x00007ffc8f658000 	C:\Program Files\Unity\Hub\Editor\2022.3.11f1\Editor\Data\PlaybackEngines\AndroidPlayer\OpenJDK\bin\zip.dll

dbghelp: loaded successfully - version: 4.0.5 - missing functions: none
symbol engine: initialized successfully - sym options: 0x614 - pdb path: .;C:\Program Files\Unity\Hub\Editor\2022.3.11f1\Editor\Data\PlaybackEngines\AndroidPlayer\OpenJDK\bin;C:\WINDOWS\SYSTEM32;C:\WINDOWS\WinSxS\amd64_microsoft.windows.common-controls_6595b64144ccf1df_6.0.19041.1110_none_60b5254171f9507e;C:\Program Files\Unity\Hub\Editor\2022.3.11f1\Editor\Data\PlaybackEngines\AndroidPlayer\OpenJDK\bin\server

VM Arguments:
jvm_args: -Dfile.encoding=UTF-8 
java_command: <unknown>
java_class_path (initial): <not set>
Launcher Type: SUN_STANDARD

[Global flags]
     intx CICompilerCount                          = 3                                         {product} {ergonomic}
     uint ConcGCThreads                            = 2                                         {product} {ergonomic}
     uint G1ConcRefinementThreads                  = 6                                         {product} {ergonomic}
   size_t G1HeapRegionSize                         = 1048576                                   {product} {ergonomic}
    uintx GCDrainStackTargetSize                   = 64                                        {product} {ergonomic}
   size_t InitialHeapSize                          = 268435456                                 {product} {ergonomic}
   size_t MarkStackSize                            = 4194304                                   {product} {ergonomic}
   size_t MaxHeapSize                              = 4278190080                                {product} {ergonomic}
   size_t MinHeapDeltaBytes                        = 1048576                                   {product} {ergonomic}
    uintx NonNMethodCodeHeapSize                   = 5830732                                {pd product} {ergonomic}
    uintx NonProfiledCodeHeapSize                  = 122913754                              {pd product} {ergonomic}
    uintx ProfiledCodeHeapSize                     = 122913754                              {pd product} {ergonomic}
    uintx ReservedCodeCacheSize                    = 251658240                              {pd product} {ergonomic}
     bool SegmentedCodeCache                       = true                                      {product} {ergonomic}
     bool UseCompressedClassPointers               = true                                 {lp64_product} {ergonomic}
     bool UseCompressedOops                        = true                                 {lp64_product} {ergonomic}
     bool UseG1GC                                  = true                                      {product} {ergonomic}
     bool UseLargePagesIndividualAllocation        = false                                  {pd product} {ergonomic}

Logging:
Log output configuration:
 #0: stdout all=warning uptime,level,tags
 #1: stderr all=off uptime,level,tags

Environment Variables:
JAVA_HOME=C:\Program Files\Unity\Hub\Editor\2022.3.11f1\Editor\Data\PlaybackEngines\AndroidPlayer\OpenJDK
JAVA_TOOL_OPTIONS=-Dfile.encoding=UTF-8
PATH=C:\Program Files\Oculus\Support\oculus-runtime;C:\Python310\Scripts\;C:\Python310\;C:\Program Files\Common Files\Oracle\Java\javapath;C:\Program Files (x86)\Common Files\Oracle\Java\javapath;C:\Program Files (x86)\Common Files\Intel\Shared Libraries\redist\intel64\compiler;C:\Windows\system32;C:\Windows;C:\Windows\System32\Wbem;C:\Windows\System32\WindowsPowerShell\v1.0\;C:\Windows\System32\OpenSSH\;C:\Users\gabri\AppData\Local\Programs\Python\Python38-32\Scripts\;C:\Users\gabri\AppData\Local\Programs\Python\Python38-32\;C:\Users\gabri\AppData\Local\Microsoft\WindowsApps;C:\adb;C:\Program Files (x86)\NVIDIA Corporation\PhysX\Common;C:\Program Files\NVIDIA Corporation\NVIDIA NvDLISR;C:\Program Files\AutoFirma\AutoFirma;C:\Program Files\Git\cmd;C:\WINDOWS\system32;C:\WINDOWS;C:\WINDOWS\System32\Wbem;C:\WINDOWS\System32\WindowsPowerShell\v1.0\;C:\WINDOWS\System32\OpenSSH\;C:\Program Files\dotnet\;C:\Program Files (x86)\dotnet\;C:\Program Files (x86)\QuickTime\QTSystem\;C:\Program Files\nodejs\;C:\ProgramData\chocolatey\bin;C:\Program Files (x86)\Yarn\bin\;C:\Program Files (x86)\GnuWin32\bin\wget.exe;C:\Program Files\Docker\Docker\resources\bin;C:\Users\gabri\AppData\Roaming\local\bin;C:\Users\gabri\.cargo\bin;C:\Users\gabri\AppData\Local\Programs\Python\Python38-32\Scripts\;C:\Users\gabri\AppData\Local\Programs\Python\Python38-32\;C:\Users\gabri\AppData\Local\Microsoft\WindowsApps;C:\Users\gabri\AppData\Local\Programs\Microsoft VS Code\bin;C:\ghcup\bin;C:\Users\gabri\AppData\Roaming\npm;C:\Users\gabri\AppData\Local\Yarn\bin;C:\Users\gabri\.dotnet\tools;C:\Users\gabri\AppData\Local\GitHubDesktop\bin;C:\Program Files\MySQL\MySQL Server 8.0\bin;C:\Program Files\JetBrains\IntelliJ IDEA 2022.2.2\bin;;C:\Program Files\JetBrains\IntelliJ IDEA Community Edition 2022.2.2\bin;;C:\Program Files (x86)\GnuWin32\bin\wget.exe;
USERNAME=DIMISIO
OS=Windows_NT
PROCESSOR_IDENTIFIER=Intel64 Family 6 Model 158 Stepping 13, GenuineIntel



---------------  S Y S T E M  ---------------

OS: Windows 10 , 64 bit Build 19041 (10.0.19041.3031)
OS uptime: 3 days 0:30 hours

CPU:total 6 (initial active 6) (6 cores per cpu, 1 threads per core) family 6 model 158 stepping 13 microcode 0xb0, cmov, cx8, fxsr, mmx, sse, sse2, sse3, ssse3, sse4.1, sse4.2, popcnt, avx, avx2, aes, clmul, erms, rtm, 3dnowpref, lzcnt, tsc, tscinvbit, bmi1, bmi2, adx, fma

Memory: 4k page, system-wide physical 16319M (1140M free)
TotalPageFile size 26559M (AvailPageFile size 175M)
current process WorkingSet (physical memory assigned to process): 10M, peak: 10M
current process commit charge ("private bytes"): 56M, peak: 312M

vm_info: OpenJDK 64-Bit Server VM (11.0.14.1+1) for windows-amd64 JRE (11.0.14.1+1), built on Feb  9 2022 01:48:27 by "" with unknown MS VC++:1916

END.
